<?xml version="1.0" encoding="UTF-8"?>
<!-- Generated by org.testng.reporters.JUnitXMLReporter -->
<testsuite hostname="Lenovo-PC" ignored="0" name="PropineTest" tests="7" failures="1" timestamp="27 May 2020 07:05:05 GMT" time="84.34" errors="0">
  <testcase name="valdiateLanguageSupportDateParser" time="0.95" classname="Suit1.DateValidationTestCase">
    <skipped/>
  </testcase> <!-- valdiateLanguageSupportDateParser -->
  <testcase name="valdiateLanguageSupportDateParser" time="0.997" classname="Suit1.DateValidationTestCase">
    <skipped/>
  </testcase> <!-- valdiateLanguageSupportDateParser -->
  <testcase name="valdiateLanguageSupportDateParser" time="1.045" classname="Suit1.DateValidationTestCase">
    <failure type="java.lang.AssertionError" message="The following asserts failed:
	expected [Wed May 27 09:00:00 UTC 2020] but found [Invalid date]">
      <![CDATA[java.lang.AssertionError: The following asserts failed:
expected [Wed May 27 09:00:00 UTC 2020] but found [Invalid date]
at Suit1.DateValidationTestCase.valdiateLanguageSupportDateParser(DateValidationTestCase.java:106)
... Removed 30 stack frames]]>
    </failure>
  </testcase> <!-- valdiateLanguageSupportDateParser -->
  <testcase name="validateAllMandatoryFields" time="1.001" classname="Suit1.DateValidationTestCase"/>
  <testcase name="validateDateParseFormat" time="1.1" classname="Suit1.DateValidationTestCase"/>
  <testcase name="validatePageHeadline" time="0.051" classname="Suit1.DateValidationTestCase"/>
  <testcase name="validatePageTitle" time="0.077" classname="Suit1.DateValidationTestCase"/>
</testsuite> <!-- PropineTest -->
