<?xml version="1.0" encoding="UTF-8"?>
<!-- Generated by org.testng.reporters.JUnitXMLReporter -->
<testsuite hostname="Lenovo-PC" ignored="0" name="PropineTest" tests="2" failures="2" timestamp="27 May 2020 04:10:03 GMT" time="25.736" errors="0">
  <testcase name="valdiateLanguageSupportDateParser" time="0.966" classname="Suit1.DateValidationTestCase">
    <failure type="java.lang.AssertionError" message="The following asserts failed:
	expected [Wed May 27 09:00:00 UTC 2020] but found [Invalid date]">
      <![CDATA[java.lang.AssertionError: The following asserts failed:
expected [Wed May 27 09:00:00 UTC 2020] but found [Invalid date]
at Suit1.DateValidationTestCase.valdiateLanguageSupportDateParser(DateValidationTestCase.java:102)
... Removed 30 stack frames]]>
    </failure>
  </testcase> <!-- valdiateLanguageSupportDateParser -->
  <testcase name="validateDateParseFormat" time="1.045" classname="Suit1.DateValidationTestCase">
    <failure type="java.lang.AssertionError" message="The following asserts failed:
	expected [Thu May 05 22:12:00] but found [Invalid date]">
      <![CDATA[java.lang.AssertionError: The following asserts failed:
expected [Thu May 05 22:12:00] but found [Invalid date]
at Suit1.DateValidationTestCase.validateDateParseFormat(DateValidationTestCase.java:119)
... Removed 30 stack frames]]>
    </failure>
  </testcase> <!-- validateDateParseFormat -->
</testsuite> <!-- PropineTest -->
