<?xml version="1.0" encoding="UTF-8"?>
<testng-results skipped="2" failed="1" ignored="0" total="4" passed="1">
  <reporter-output>
  </reporter-output>
  <suite name="Suite" duration-ms="42738" started-at="2020-05-27T06:59:12Z" finished-at="2020-05-27T06:59:55Z">
    <groups>
    </groups>
    <test name="PropineTest" duration-ms="42738" started-at="2020-05-27T06:59:12Z" finished-at="2020-05-27T06:59:55Z">
      <class name="Suit1.DateValidationTestCase">
        <test-method status="PASS" signature="openBrowser(java.lang.String)[pri:0, instance:Suit1.DateValidationTestCase@1877ab81]" name="openBrowser" is-config="true" duration-ms="9541" started-at="2020-05-27T06:59:12Z" finished-at="2020-05-27T06:59:22Z">
          <params>
            <param index="0">
              <value>
                <![CDATA[https://vast-dawn-73245.herokuapp.com/]]>
              </value>
            </param>
          </params>
          <reporter-output>
          </reporter-output>
        </test-method> <!-- openBrowser -->
        <test-method status="SKIP" signature="valdiateLanguageSupportDateParser()[pri:0, instance:Suit1.DateValidationTestCase@1877ab81]" name="valdiateLanguageSupportDateParser" duration-ms="1225" started-at="2020-05-27T06:59:22Z" finished-at="2020-05-27T06:59:23Z">
          <exception class="java.lang.AssertionError">
            <message>
              <![CDATA[The following asserts failed:
expected [Wed May 27 09:00:00 UTC 2020] but found [Invalid date]]]>
            </message>
            <full-stacktrace>
              <![CDATA[java.lang.AssertionError: The following asserts failed:
expected [Wed May 27 09:00:00 UTC 2020] but found [Invalid date]
at org.testng.asserts.SoftAssert.assertAll(SoftAssert.java:43)
at Suit1.DateValidationTestCase.valdiateLanguageSupportDateParser(DateValidationTestCase.java:102)
at sun.reflect.NativeMethodAccessorImpl.invoke0(Native Method)
at sun.reflect.NativeMethodAccessorImpl.invoke(NativeMethodAccessorImpl.java:62)
at sun.reflect.DelegatingMethodAccessorImpl.invoke(DelegatingMethodAccessorImpl.java:43)
at java.lang.reflect.Method.invoke(Method.java:498)
at org.testng.internal.MethodInvocationHelper.invokeMethod(MethodInvocationHelper.java:124)
at org.testng.internal.Invoker.invokeMethod(Invoker.java:583)
at org.testng.internal.Invoker.invokeTestMethod(Invoker.java:719)
at org.testng.internal.Invoker.invokeTestMethods(Invoker.java:989)
at org.testng.internal.TestMethodWorker.invokeTestMethods(TestMethodWorker.java:125)
at org.testng.internal.TestMethodWorker.run(TestMethodWorker.java:109)
at org.testng.TestRunner.privateRun(TestRunner.java:648)
at org.testng.TestRunner.run(TestRunner.java:505)
at org.testng.SuiteRunner.runTest(SuiteRunner.java:455)
at org.testng.SuiteRunner.runSequentially(SuiteRunner.java:450)
at org.testng.SuiteRunner.privateRun(SuiteRunner.java:415)
at org.testng.SuiteRunner.run(SuiteRunner.java:364)
at org.testng.SuiteRunnerWorker.runSuite(SuiteRunnerWorker.java:52)
at org.testng.SuiteRunnerWorker.run(SuiteRunnerWorker.java:84)
at org.testng.TestNG.runSuitesSequentially(TestNG.java:1208)
at org.testng.TestNG.runSuitesLocally(TestNG.java:1137)
at org.testng.TestNG.runSuites(TestNG.java:1049)
at org.testng.TestNG.run(TestNG.java:1017)
at org.apache.maven.surefire.testng.TestNGExecutor.run(TestNGExecutor.java:283)
at org.apache.maven.surefire.testng.TestNGXmlTestSuite.execute(TestNGXmlTestSuite.java:75)
at org.apache.maven.surefire.testng.TestNGProvider.invoke(TestNGProvider.java:120)
at org.apache.maven.surefire.booter.ForkedBooter.invokeProviderInSameClassLoader(ForkedBooter.java:373)
at org.apache.maven.surefire.booter.ForkedBooter.runSuitesInProcess(ForkedBooter.java:334)
at org.apache.maven.surefire.booter.ForkedBooter.execute(ForkedBooter.java:119)
at org.apache.maven.surefire.booter.ForkedBooter.main(ForkedBooter.java:407)
]]>
            </full-stacktrace>
          </exception> <!-- java.lang.AssertionError -->
          <reporter-output>
          </reporter-output>
        </test-method> <!-- valdiateLanguageSupportDateParser -->
        <test-method status="PASS" signature="closeBrowser()[pri:0, instance:Suit1.DateValidationTestCase@1877ab81]" name="closeBrowser" is-config="true" duration-ms="748" started-at="2020-05-27T06:59:23Z" finished-at="2020-05-27T06:59:24Z">
          <reporter-output>
          </reporter-output>
        </test-method> <!-- closeBrowser -->
        <test-method status="PASS" signature="openBrowser(java.lang.String)[pri:0, instance:Suit1.DateValidationTestCase@1877ab81]" name="openBrowser" is-config="true" duration-ms="7224" started-at="2020-05-27T06:59:24Z" finished-at="2020-05-27T06:59:31Z">
          <params>
            <param index="0">
              <value>
                <![CDATA[https://vast-dawn-73245.herokuapp.com/]]>
              </value>
            </param>
          </params>
          <reporter-output>
          </reporter-output>
        </test-method> <!-- openBrowser -->
        <test-method status="SKIP" signature="valdiateLanguageSupportDateParser()[pri:0, instance:Suit1.DateValidationTestCase@1877ab81]" name="valdiateLanguageSupportDateParser" duration-ms="949" started-at="2020-05-27T06:59:31Z" finished-at="2020-05-27T06:59:32Z">
          <exception class="java.lang.AssertionError">
            <message>
              <![CDATA[The following asserts failed:
expected [Wed May 27 09:00:00 UTC 2020] but found [Invalid date]]]>
            </message>
            <full-stacktrace>
              <![CDATA[java.lang.AssertionError: The following asserts failed:
expected [Wed May 27 09:00:00 UTC 2020] but found [Invalid date]
at org.testng.asserts.SoftAssert.assertAll(SoftAssert.java:43)
at Suit1.DateValidationTestCase.valdiateLanguageSupportDateParser(DateValidationTestCase.java:102)
at sun.reflect.NativeMethodAccessorImpl.invoke0(Native Method)
at sun.reflect.NativeMethodAccessorImpl.invoke(NativeMethodAccessorImpl.java:62)
at sun.reflect.DelegatingMethodAccessorImpl.invoke(DelegatingMethodAccessorImpl.java:43)
at java.lang.reflect.Method.invoke(Method.java:498)
at org.testng.internal.MethodInvocationHelper.invokeMethod(MethodInvocationHelper.java:124)
at org.testng.internal.Invoker.invokeMethod(Invoker.java:583)
at org.testng.internal.Invoker.retryFailed(Invoker.java:839)
at org.testng.internal.Invoker.invokeTestMethods(Invoker.java:1010)
at org.testng.internal.TestMethodWorker.invokeTestMethods(TestMethodWorker.java:125)
at org.testng.internal.TestMethodWorker.run(TestMethodWorker.java:109)
at org.testng.TestRunner.privateRun(TestRunner.java:648)
at org.testng.TestRunner.run(TestRunner.java:505)
at org.testng.SuiteRunner.runTest(SuiteRunner.java:455)
at org.testng.SuiteRunner.runSequentially(SuiteRunner.java:450)
at org.testng.SuiteRunner.privateRun(SuiteRunner.java:415)
at org.testng.SuiteRunner.run(SuiteRunner.java:364)
at org.testng.SuiteRunnerWorker.runSuite(SuiteRunnerWorker.java:52)
at org.testng.SuiteRunnerWorker.run(SuiteRunnerWorker.java:84)
at org.testng.TestNG.runSuitesSequentially(TestNG.java:1208)
at org.testng.TestNG.runSuitesLocally(TestNG.java:1137)
at org.testng.TestNG.runSuites(TestNG.java:1049)
at org.testng.TestNG.run(TestNG.java:1017)
at org.apache.maven.surefire.testng.TestNGExecutor.run(TestNGExecutor.java:283)
at org.apache.maven.surefire.testng.TestNGXmlTestSuite.execute(TestNGXmlTestSuite.java:75)
at org.apache.maven.surefire.testng.TestNGProvider.invoke(TestNGProvider.java:120)
at org.apache.maven.surefire.booter.ForkedBooter.invokeProviderInSameClassLoader(ForkedBooter.java:373)
at org.apache.maven.surefire.booter.ForkedBooter.runSuitesInProcess(ForkedBooter.java:334)
at org.apache.maven.surefire.booter.ForkedBooter.execute(ForkedBooter.java:119)
at org.apache.maven.surefire.booter.ForkedBooter.main(ForkedBooter.java:407)
]]>
            </full-stacktrace>
          </exception> <!-- java.lang.AssertionError -->
          <reporter-output>
          </reporter-output>
        </test-method> <!-- valdiateLanguageSupportDateParser -->
        <test-method status="PASS" signature="closeBrowser()[pri:0, instance:Suit1.DateValidationTestCase@1877ab81]" name="closeBrowser" is-config="true" duration-ms="674" started-at="2020-05-27T06:59:32Z" finished-at="2020-05-27T06:59:33Z">
          <reporter-output>
          </reporter-output>
        </test-method> <!-- closeBrowser -->
        <test-method status="PASS" signature="openBrowser(java.lang.String)[pri:0, instance:Suit1.DateValidationTestCase@1877ab81]" name="openBrowser" is-config="true" duration-ms="7206" started-at="2020-05-27T06:59:33Z" finished-at="2020-05-27T06:59:40Z">
          <params>
            <param index="0">
              <value>
                <![CDATA[https://vast-dawn-73245.herokuapp.com/]]>
              </value>
            </param>
          </params>
          <reporter-output>
          </reporter-output>
        </test-method> <!-- openBrowser -->
        <test-method status="FAIL" signature="valdiateLanguageSupportDateParser()[pri:0, instance:Suit1.DateValidationTestCase@1877ab81]" name="valdiateLanguageSupportDateParser" duration-ms="959" started-at="2020-05-27T06:59:40Z" finished-at="2020-05-27T06:59:41Z">
          <exception class="java.lang.AssertionError">
            <message>
              <![CDATA[The following asserts failed:
expected [Wed May 27 09:00:00 UTC 2020] but found [Invalid date]]]>
            </message>
            <full-stacktrace>
              <![CDATA[java.lang.AssertionError: The following asserts failed:
expected [Wed May 27 09:00:00 UTC 2020] but found [Invalid date]
at org.testng.asserts.SoftAssert.assertAll(SoftAssert.java:43)
at Suit1.DateValidationTestCase.valdiateLanguageSupportDateParser(DateValidationTestCase.java:102)
at sun.reflect.NativeMethodAccessorImpl.invoke0(Native Method)
at sun.reflect.NativeMethodAccessorImpl.invoke(NativeMethodAccessorImpl.java:62)
at sun.reflect.DelegatingMethodAccessorImpl.invoke(DelegatingMethodAccessorImpl.java:43)
at java.lang.reflect.Method.invoke(Method.java:498)
at org.testng.internal.MethodInvocationHelper.invokeMethod(MethodInvocationHelper.java:124)
at org.testng.internal.Invoker.invokeMethod(Invoker.java:583)
at org.testng.internal.Invoker.retryFailed(Invoker.java:839)
at org.testng.internal.Invoker.invokeTestMethods(Invoker.java:1010)
at org.testng.internal.TestMethodWorker.invokeTestMethods(TestMethodWorker.java:125)
at org.testng.internal.TestMethodWorker.run(TestMethodWorker.java:109)
at org.testng.TestRunner.privateRun(TestRunner.java:648)
at org.testng.TestRunner.run(TestRunner.java:505)
at org.testng.SuiteRunner.runTest(SuiteRunner.java:455)
at org.testng.SuiteRunner.runSequentially(SuiteRunner.java:450)
at org.testng.SuiteRunner.privateRun(SuiteRunner.java:415)
at org.testng.SuiteRunner.run(SuiteRunner.java:364)
at org.testng.SuiteRunnerWorker.runSuite(SuiteRunnerWorker.java:52)
at org.testng.SuiteRunnerWorker.run(SuiteRunnerWorker.java:84)
at org.testng.TestNG.runSuitesSequentially(TestNG.java:1208)
at org.testng.TestNG.runSuitesLocally(TestNG.java:1137)
at org.testng.TestNG.runSuites(TestNG.java:1049)
at org.testng.TestNG.run(TestNG.java:1017)
at org.apache.maven.surefire.testng.TestNGExecutor.run(TestNGExecutor.java:283)
at org.apache.maven.surefire.testng.TestNGXmlTestSuite.execute(TestNGXmlTestSuite.java:75)
at org.apache.maven.surefire.testng.TestNGProvider.invoke(TestNGProvider.java:120)
at org.apache.maven.surefire.booter.ForkedBooter.invokeProviderInSameClassLoader(ForkedBooter.java:373)
at org.apache.maven.surefire.booter.ForkedBooter.runSuitesInProcess(ForkedBooter.java:334)
at org.apache.maven.surefire.booter.ForkedBooter.execute(ForkedBooter.java:119)
at org.apache.maven.surefire.booter.ForkedBooter.main(ForkedBooter.java:407)
]]>
            </full-stacktrace>
          </exception> <!-- java.lang.AssertionError -->
          <reporter-output>
          </reporter-output>
        </test-method> <!-- valdiateLanguageSupportDateParser -->
        <test-method status="PASS" signature="closeBrowser()[pri:0, instance:Suit1.DateValidationTestCase@1877ab81]" name="closeBrowser" is-config="true" duration-ms="715" started-at="2020-05-27T06:59:41Z" finished-at="2020-05-27T06:59:42Z">
          <reporter-output>
          </reporter-output>
        </test-method> <!-- closeBrowser -->
        <test-method status="PASS" signature="openBrowser(java.lang.String)[pri:0, instance:Suit1.DateValidationTestCase@1877ab81]" name="openBrowser" is-config="true" duration-ms="11814" started-at="2020-05-27T06:59:42Z" finished-at="2020-05-27T06:59:54Z">
          <params>
            <param index="0">
              <value>
                <![CDATA[https://vast-dawn-73245.herokuapp.com/]]>
              </value>
            </param>
          </params>
          <reporter-output>
          </reporter-output>
        </test-method> <!-- openBrowser -->
        <test-method status="PASS" signature="validateDateParseFormat()[pri:0, instance:Suit1.DateValidationTestCase@1877ab81]" name="validateDateParseFormat" duration-ms="953" started-at="2020-05-27T06:59:54Z" finished-at="2020-05-27T06:59:54Z">
          <reporter-output>
          </reporter-output>
        </test-method> <!-- validateDateParseFormat -->
        <test-method status="PASS" signature="closeBrowser()[pri:0, instance:Suit1.DateValidationTestCase@1877ab81]" name="closeBrowser" is-config="true" duration-ms="689" started-at="2020-05-27T06:59:54Z" finished-at="2020-05-27T06:59:55Z">
          <reporter-output>
          </reporter-output>
        </test-method> <!-- closeBrowser -->
      </class> <!-- Suit1.DateValidationTestCase -->
    </test> <!-- PropineTest -->
  </suite> <!-- Suite -->
</testng-results>
