<?xml version="1.0" encoding="UTF-8"?>
<testsuite xmlns:xsi="http://www.w3.org/2001/XMLSchema-instance" xsi:noNamespaceSchemaLocation="https://maven.apache.org/surefire/maven-surefire-plugin/xsd/surefire-test-report.xsd" name="TestSuite" time="86.248" tests="7" errors="0" skipped="2" failures="1">
  <properties>
[...]
</properties>
  <testcase name="valdiateLanguageSupportDateParser" classname="Suit1.DateValidationTestCase" time="0">
    <skipped message="The following asserts failed:&#10;	expected [Wed May 27 09:00:00 UTC 2020] but found [Invalid date]"/>
    <system-out><![CDATA[TEST START NOW 
 [TestResult name=valdiateLanguageSupportDateParser status=STARTED method=DateValidationTestCase.valdiateLanguageSupportDateParser()[pri:0, instance:Suit1.DateValidationTestCase@305fd85d] output={null}]
Retrying valdiateLanguageSupportDateParser again and the count is 1
 YOUR TEST SKIPPED PLEASE TRY AGAIN 
 [TestResult name=valdiateLanguageSupportDateParser status=SKIP method=DateValidationTestCase.valdiateLanguageSupportDateParser()[pri:0, instance:Suit1.DateValidationTestCase@305fd85d] output={null}]
]]></system-out>
    <system-err><![CDATA[log4j:WARN No appenders could be found for logger (org.apache.http.client.protocol.RequestAddCookies).
log4j:WARN Please initialize the log4j system properly.
May 27, 2020 3:03:45 PM org.openqa.selenium.remote.ProtocolHandshake createSession
INFO: Detected dialect: W3C
]]></system-err>
  </testcase>
  <testcase name="valdiateLanguageSupportDateParser" classname="Suit1.DateValidationTestCase" time="0">
    <skipped message="The following asserts failed:&#10;	expected [Wed May 27 09:00:00 UTC 2020] but found [Invalid date]"/>
    <system-out><![CDATA[TEST START NOW 
 [TestResult name=valdiateLanguageSupportDateParser status=STARTED method=DateValidationTestCase.valdiateLanguageSupportDateParser()[pri:0, instance:Suit1.DateValidationTestCase@305fd85d] output={null}]
Retrying valdiateLanguageSupportDateParser again and the count is 2
 YOUR TEST SKIPPED PLEASE TRY AGAIN 
 [TestResult name=valdiateLanguageSupportDateParser status=SKIP method=DateValidationTestCase.valdiateLanguageSupportDateParser()[pri:0, instance:Suit1.DateValidationTestCase@305fd85d] output={null}]
]]></system-out>
    <system-err><![CDATA[May 27, 2020 3:03:56 PM org.openqa.selenium.remote.ProtocolHandshake createSession
INFO: Detected dialect: W3C
]]></system-err>
  </testcase>
  <testcase name="valdiateLanguageSupportDateParser" classname="Suit1.DateValidationTestCase" time="1.054">
    <failure message="The following asserts failed:&#10;	expected [Wed May 27 09:00:00 UTC 2020] but found [Invalid date]" type="java.lang.AssertionError">java.lang.AssertionError: 
The following asserts failed:
	expected [Wed May 27 09:00:00 UTC 2020] but found [Invalid date]
	at Suit1.DateValidationTestCase.valdiateLanguageSupportDateParser(DateValidationTestCase.java:106)
</failure>
    <system-out><![CDATA[TEST START NOW 
 [TestResult name=valdiateLanguageSupportDateParser status=STARTED method=DateValidationTestCase.valdiateLanguageSupportDateParser()[pri:0, instance:Suit1.DateValidationTestCase@305fd85d] output={null}]
 TEST FAIL 
 [TestResult name=valdiateLanguageSupportDateParser status=FAILURE method=DateValidationTestCase.valdiateLanguageSupportDateParser()[pri:0, instance:Suit1.DateValidationTestCase@305fd85d] output={null}]
]]></system-out>
    <system-err><![CDATA[May 27, 2020 3:04:11 PM org.openqa.selenium.remote.ProtocolHandshake createSession
INFO: Detected dialect: W3C
]]></system-err>
  </testcase>
  <testcase name="validateAllMandatoryFields" classname="Suit1.DateValidationTestCase" time="1"/>
  <testcase name="validateDateParseFormat" classname="Suit1.DateValidationTestCase" time="1.1"/>
  <testcase name="validatePageHeadline" classname="Suit1.DateValidationTestCase" time="0.05"/>
  <testcase name="validatePageTitle" classname="Suit1.DateValidationTestCase" time="0.077"/>
</testsuite>