<?xml version="1.0" encoding="UTF-8"?>
<testng-results skipped="2" failed="1" ignored="0" total="7" passed="4">
  <reporter-output>
  </reporter-output>
  <suite name="Suite" duration-ms="84340" started-at="2020-05-27T07:03:40Z" finished-at="2020-05-27T07:05:05Z">
    <groups>
    </groups>
    <test name="PropineTest" duration-ms="84340" started-at="2020-05-27T07:03:40Z" finished-at="2020-05-27T07:05:05Z">
      <class name="Suit1.DateValidationTestCase">
        <test-method status="PASS" signature="openBrowser(java.lang.String)[pri:0, instance:Suit1.DateValidationTestCase@305fd85d]" name="openBrowser" is-config="true" duration-ms="10288" started-at="2020-05-27T07:03:40Z" finished-at="2020-05-27T07:03:51Z">
          <params>
            <param index="0">
              <value>
                <![CDATA[https://vast-dawn-73245.herokuapp.com/]]>
              </value>
            </param>
          </params>
          <reporter-output>
          </reporter-output>
        </test-method> <!-- openBrowser -->
        <test-method status="SKIP" signature="valdiateLanguageSupportDateParser()[pri:0, instance:Suit1.DateValidationTestCase@305fd85d]" name="valdiateLanguageSupportDateParser" duration-ms="950" started-at="2020-05-27T07:03:51Z" finished-at="2020-05-27T07:03:52Z">
          <exception class="java.lang.AssertionError">
            <message>
              <![CDATA[The following asserts failed:
expected [Wed May 27 09:00:00 UTC 2020] but found [Invalid date]]]>
            </message>
            <full-stacktrace>
              <![CDATA[java.lang.AssertionError: The following asserts failed:
expected [Wed May 27 09:00:00 UTC 2020] but found [Invalid date]
at org.testng.asserts.SoftAssert.assertAll(SoftAssert.java:43)
at Suit1.DateValidationTestCase.valdiateLanguageSupportDateParser(DateValidationTestCase.java:106)
at sun.reflect.NativeMethodAccessorImpl.invoke0(Native Method)
at sun.reflect.NativeMethodAccessorImpl.invoke(NativeMethodAccessorImpl.java:62)
at sun.reflect.DelegatingMethodAccessorImpl.invoke(DelegatingMethodAccessorImpl.java:43)
at java.lang.reflect.Method.invoke(Method.java:498)
at org.testng.internal.MethodInvocationHelper.invokeMethod(MethodInvocationHelper.java:124)
at org.testng.internal.Invoker.invokeMethod(Invoker.java:583)
at org.testng.internal.Invoker.invokeTestMethod(Invoker.java:719)
at org.testng.internal.Invoker.invokeTestMethods(Invoker.java:989)
at org.testng.internal.TestMethodWorker.invokeTestMethods(TestMethodWorker.java:125)
at org.testng.internal.TestMethodWorker.run(TestMethodWorker.java:109)
at org.testng.TestRunner.privateRun(TestRunner.java:648)
at org.testng.TestRunner.run(TestRunner.java:505)
at org.testng.SuiteRunner.runTest(SuiteRunner.java:455)
at org.testng.SuiteRunner.runSequentially(SuiteRunner.java:450)
at org.testng.SuiteRunner.privateRun(SuiteRunner.java:415)
at org.testng.SuiteRunner.run(SuiteRunner.java:364)
at org.testng.SuiteRunnerWorker.runSuite(SuiteRunnerWorker.java:52)
at org.testng.SuiteRunnerWorker.run(SuiteRunnerWorker.java:84)
at org.testng.TestNG.runSuitesSequentially(TestNG.java:1208)
at org.testng.TestNG.runSuitesLocally(TestNG.java:1137)
at org.testng.TestNG.runSuites(TestNG.java:1049)
at org.testng.TestNG.run(TestNG.java:1017)
at org.apache.maven.surefire.testng.TestNGExecutor.run(TestNGExecutor.java:283)
at org.apache.maven.surefire.testng.TestNGXmlTestSuite.execute(TestNGXmlTestSuite.java:75)
at org.apache.maven.surefire.testng.TestNGProvider.invoke(TestNGProvider.java:120)
at org.apache.maven.surefire.booter.ForkedBooter.invokeProviderInSameClassLoader(ForkedBooter.java:373)
at org.apache.maven.surefire.booter.ForkedBooter.runSuitesInProcess(ForkedBooter.java:334)
at org.apache.maven.surefire.booter.ForkedBooter.execute(ForkedBooter.java:119)
at org.apache.maven.surefire.booter.ForkedBooter.main(ForkedBooter.java:407)
]]>
            </full-stacktrace>
          </exception> <!-- java.lang.AssertionError -->
          <reporter-output>
          </reporter-output>
        </test-method> <!-- valdiateLanguageSupportDateParser -->
        <test-method status="PASS" signature="closeBrowser()[pri:0, instance:Suit1.DateValidationTestCase@305fd85d]" name="closeBrowser" is-config="true" duration-ms="740" started-at="2020-05-27T07:03:52Z" finished-at="2020-05-27T07:03:52Z">
          <reporter-output>
          </reporter-output>
        </test-method> <!-- closeBrowser -->
        <test-method status="PASS" signature="openBrowser(java.lang.String)[pri:0, instance:Suit1.DateValidationTestCase@305fd85d]" name="openBrowser" is-config="true" duration-ms="13386" started-at="2020-05-27T07:03:52Z" finished-at="2020-05-27T07:04:06Z">
          <params>
            <param index="0">
              <value>
                <![CDATA[https://vast-dawn-73245.herokuapp.com/]]>
              </value>
            </param>
          </params>
          <reporter-output>
          </reporter-output>
        </test-method> <!-- openBrowser -->
        <test-method status="SKIP" signature="valdiateLanguageSupportDateParser()[pri:0, instance:Suit1.DateValidationTestCase@305fd85d]" name="valdiateLanguageSupportDateParser" duration-ms="997" started-at="2020-05-27T07:04:06Z" finished-at="2020-05-27T07:04:07Z">
          <exception class="java.lang.AssertionError">
            <message>
              <![CDATA[The following asserts failed:
expected [Wed May 27 09:00:00 UTC 2020] but found [Invalid date]]]>
            </message>
            <full-stacktrace>
              <![CDATA[java.lang.AssertionError: The following asserts failed:
expected [Wed May 27 09:00:00 UTC 2020] but found [Invalid date]
at org.testng.asserts.SoftAssert.assertAll(SoftAssert.java:43)
at Suit1.DateValidationTestCase.valdiateLanguageSupportDateParser(DateValidationTestCase.java:106)
at sun.reflect.NativeMethodAccessorImpl.invoke0(Native Method)
at sun.reflect.NativeMethodAccessorImpl.invoke(NativeMethodAccessorImpl.java:62)
at sun.reflect.DelegatingMethodAccessorImpl.invoke(DelegatingMethodAccessorImpl.java:43)
at java.lang.reflect.Method.invoke(Method.java:498)
at org.testng.internal.MethodInvocationHelper.invokeMethod(MethodInvocationHelper.java:124)
at org.testng.internal.Invoker.invokeMethod(Invoker.java:583)
at org.testng.internal.Invoker.retryFailed(Invoker.java:839)
at org.testng.internal.Invoker.invokeTestMethods(Invoker.java:1010)
at org.testng.internal.TestMethodWorker.invokeTestMethods(TestMethodWorker.java:125)
at org.testng.internal.TestMethodWorker.run(TestMethodWorker.java:109)
at org.testng.TestRunner.privateRun(TestRunner.java:648)
at org.testng.TestRunner.run(TestRunner.java:505)
at org.testng.SuiteRunner.runTest(SuiteRunner.java:455)
at org.testng.SuiteRunner.runSequentially(SuiteRunner.java:450)
at org.testng.SuiteRunner.privateRun(SuiteRunner.java:415)
at org.testng.SuiteRunner.run(SuiteRunner.java:364)
at org.testng.SuiteRunnerWorker.runSuite(SuiteRunnerWorker.java:52)
at org.testng.SuiteRunnerWorker.run(SuiteRunnerWorker.java:84)
at org.testng.TestNG.runSuitesSequentially(TestNG.java:1208)
at org.testng.TestNG.runSuitesLocally(TestNG.java:1137)
at org.testng.TestNG.runSuites(TestNG.java:1049)
at org.testng.TestNG.run(TestNG.java:1017)
at org.apache.maven.surefire.testng.TestNGExecutor.run(TestNGExecutor.java:283)
at org.apache.maven.surefire.testng.TestNGXmlTestSuite.execute(TestNGXmlTestSuite.java:75)
at org.apache.maven.surefire.testng.TestNGProvider.invoke(TestNGProvider.java:120)
at org.apache.maven.surefire.booter.ForkedBooter.invokeProviderInSameClassLoader(ForkedBooter.java:373)
at org.apache.maven.surefire.booter.ForkedBooter.runSuitesInProcess(ForkedBooter.java:334)
at org.apache.maven.surefire.booter.ForkedBooter.execute(ForkedBooter.java:119)
at org.apache.maven.surefire.booter.ForkedBooter.main(ForkedBooter.java:407)
]]>
            </full-stacktrace>
          </exception> <!-- java.lang.AssertionError -->
          <reporter-output>
          </reporter-output>
        </test-method> <!-- valdiateLanguageSupportDateParser -->
        <test-method status="PASS" signature="closeBrowser()[pri:0, instance:Suit1.DateValidationTestCase@305fd85d]" name="closeBrowser" is-config="true" duration-ms="763" started-at="2020-05-27T07:04:07Z" finished-at="2020-05-27T07:04:07Z">
          <reporter-output>
          </reporter-output>
        </test-method> <!-- closeBrowser -->
        <test-method status="PASS" signature="openBrowser(java.lang.String)[pri:0, instance:Suit1.DateValidationTestCase@305fd85d]" name="openBrowser" is-config="true" duration-ms="11382" started-at="2020-05-27T07:04:07Z" finished-at="2020-05-27T07:04:19Z">
          <params>
            <param index="0">
              <value>
                <![CDATA[https://vast-dawn-73245.herokuapp.com/]]>
              </value>
            </param>
          </params>
          <reporter-output>
          </reporter-output>
        </test-method> <!-- openBrowser -->
        <test-method status="FAIL" signature="valdiateLanguageSupportDateParser()[pri:0, instance:Suit1.DateValidationTestCase@305fd85d]" name="valdiateLanguageSupportDateParser" duration-ms="1045" started-at="2020-05-27T07:04:19Z" finished-at="2020-05-27T07:04:20Z">
          <exception class="java.lang.AssertionError">
            <message>
              <![CDATA[The following asserts failed:
expected [Wed May 27 09:00:00 UTC 2020] but found [Invalid date]]]>
            </message>
            <full-stacktrace>
              <![CDATA[java.lang.AssertionError: The following asserts failed:
expected [Wed May 27 09:00:00 UTC 2020] but found [Invalid date]
at org.testng.asserts.SoftAssert.assertAll(SoftAssert.java:43)
at Suit1.DateValidationTestCase.valdiateLanguageSupportDateParser(DateValidationTestCase.java:106)
at sun.reflect.NativeMethodAccessorImpl.invoke0(Native Method)
at sun.reflect.NativeMethodAccessorImpl.invoke(NativeMethodAccessorImpl.java:62)
at sun.reflect.DelegatingMethodAccessorImpl.invoke(DelegatingMethodAccessorImpl.java:43)
at java.lang.reflect.Method.invoke(Method.java:498)
at org.testng.internal.MethodInvocationHelper.invokeMethod(MethodInvocationHelper.java:124)
at org.testng.internal.Invoker.invokeMethod(Invoker.java:583)
at org.testng.internal.Invoker.retryFailed(Invoker.java:839)
at org.testng.internal.Invoker.invokeTestMethods(Invoker.java:1010)
at org.testng.internal.TestMethodWorker.invokeTestMethods(TestMethodWorker.java:125)
at org.testng.internal.TestMethodWorker.run(TestMethodWorker.java:109)
at org.testng.TestRunner.privateRun(TestRunner.java:648)
at org.testng.TestRunner.run(TestRunner.java:505)
at org.testng.SuiteRunner.runTest(SuiteRunner.java:455)
at org.testng.SuiteRunner.runSequentially(SuiteRunner.java:450)
at org.testng.SuiteRunner.privateRun(SuiteRunner.java:415)
at org.testng.SuiteRunner.run(SuiteRunner.java:364)
at org.testng.SuiteRunnerWorker.runSuite(SuiteRunnerWorker.java:52)
at org.testng.SuiteRunnerWorker.run(SuiteRunnerWorker.java:84)
at org.testng.TestNG.runSuitesSequentially(TestNG.java:1208)
at org.testng.TestNG.runSuitesLocally(TestNG.java:1137)
at org.testng.TestNG.runSuites(TestNG.java:1049)
at org.testng.TestNG.run(TestNG.java:1017)
at org.apache.maven.surefire.testng.TestNGExecutor.run(TestNGExecutor.java:283)
at org.apache.maven.surefire.testng.TestNGXmlTestSuite.execute(TestNGXmlTestSuite.java:75)
at org.apache.maven.surefire.testng.TestNGProvider.invoke(TestNGProvider.java:120)
at org.apache.maven.surefire.booter.ForkedBooter.invokeProviderInSameClassLoader(ForkedBooter.java:373)
at org.apache.maven.surefire.booter.ForkedBooter.runSuitesInProcess(ForkedBooter.java:334)
at org.apache.maven.surefire.booter.ForkedBooter.execute(ForkedBooter.java:119)
at org.apache.maven.surefire.booter.ForkedBooter.main(ForkedBooter.java:407)
]]>
            </full-stacktrace>
          </exception> <!-- java.lang.AssertionError -->
          <reporter-output>
          </reporter-output>
        </test-method> <!-- valdiateLanguageSupportDateParser -->
        <test-method status="PASS" signature="closeBrowser()[pri:0, instance:Suit1.DateValidationTestCase@305fd85d]" name="closeBrowser" is-config="true" duration-ms="728" started-at="2020-05-27T07:04:20Z" finished-at="2020-05-27T07:04:21Z">
          <reporter-output>
          </reporter-output>
        </test-method> <!-- closeBrowser -->
        <test-method status="PASS" signature="openBrowser(java.lang.String)[pri:0, instance:Suit1.DateValidationTestCase@305fd85d]" name="openBrowser" is-config="true" duration-ms="9849" started-at="2020-05-27T07:04:21Z" finished-at="2020-05-27T07:04:30Z">
          <params>
            <param index="0">
              <value>
                <![CDATA[https://vast-dawn-73245.herokuapp.com/]]>
              </value>
            </param>
          </params>
          <reporter-output>
          </reporter-output>
        </test-method> <!-- openBrowser -->
        <test-method status="PASS" signature="validateAllMandatoryFields()[pri:0, instance:Suit1.DateValidationTestCase@305fd85d]" name="validateAllMandatoryFields" duration-ms="1001" started-at="2020-05-27T07:04:30Z" finished-at="2020-05-27T07:04:32Z">
          <reporter-output>
          </reporter-output>
        </test-method> <!-- validateAllMandatoryFields -->
        <test-method status="PASS" signature="closeBrowser()[pri:0, instance:Suit1.DateValidationTestCase@305fd85d]" name="closeBrowser" is-config="true" duration-ms="1133" started-at="2020-05-27T07:04:32Z" finished-at="2020-05-27T07:04:33Z">
          <reporter-output>
          </reporter-output>
        </test-method> <!-- closeBrowser -->
        <test-method status="PASS" signature="openBrowser(java.lang.String)[pri:0, instance:Suit1.DateValidationTestCase@305fd85d]" name="openBrowser" is-config="true" duration-ms="9480" started-at="2020-05-27T07:04:33Z" finished-at="2020-05-27T07:04:42Z">
          <params>
            <param index="0">
              <value>
                <![CDATA[https://vast-dawn-73245.herokuapp.com/]]>
              </value>
            </param>
          </params>
          <reporter-output>
          </reporter-output>
        </test-method> <!-- openBrowser -->
        <test-method status="PASS" signature="validateDateParseFormat()[pri:0, instance:Suit1.DateValidationTestCase@305fd85d]" name="validateDateParseFormat" duration-ms="1100" started-at="2020-05-27T07:04:42Z" finished-at="2020-05-27T07:04:43Z">
          <reporter-output>
          </reporter-output>
        </test-method> <!-- validateDateParseFormat -->
        <test-method status="PASS" signature="closeBrowser()[pri:0, instance:Suit1.DateValidationTestCase@305fd85d]" name="closeBrowser" is-config="true" duration-ms="723" started-at="2020-05-27T07:04:43Z" finished-at="2020-05-27T07:04:44Z">
          <reporter-output>
          </reporter-output>
        </test-method> <!-- closeBrowser -->
        <test-method status="PASS" signature="openBrowser(java.lang.String)[pri:0, instance:Suit1.DateValidationTestCase@305fd85d]" name="openBrowser" is-config="true" duration-ms="11238" started-at="2020-05-27T07:04:44Z" finished-at="2020-05-27T07:04:55Z">
          <params>
            <param index="0">
              <value>
                <![CDATA[https://vast-dawn-73245.herokuapp.com/]]>
              </value>
            </param>
          </params>
          <reporter-output>
          </reporter-output>
        </test-method> <!-- openBrowser -->
        <test-method status="PASS" signature="validatePageHeadline()[pri:0, instance:Suit1.DateValidationTestCase@305fd85d]" name="validatePageHeadline" duration-ms="51" started-at="2020-05-27T07:04:55Z" finished-at="2020-05-27T07:04:55Z">
          <reporter-output>
          </reporter-output>
        </test-method> <!-- validatePageHeadline -->
        <test-method status="PASS" signature="closeBrowser()[pri:0, instance:Suit1.DateValidationTestCase@305fd85d]" name="closeBrowser" is-config="true" duration-ms="904" started-at="2020-05-27T07:04:55Z" finished-at="2020-05-27T07:04:56Z">
          <reporter-output>
          </reporter-output>
        </test-method> <!-- closeBrowser -->
        <test-method status="PASS" signature="openBrowser(java.lang.String)[pri:0, instance:Suit1.DateValidationTestCase@305fd85d]" name="openBrowser" is-config="true" duration-ms="7667" started-at="2020-05-27T07:04:56Z" finished-at="2020-05-27T07:05:04Z">
          <params>
            <param index="0">
              <value>
                <![CDATA[https://vast-dawn-73245.herokuapp.com/]]>
              </value>
            </param>
          </params>
          <reporter-output>
          </reporter-output>
        </test-method> <!-- openBrowser -->
        <test-method status="PASS" signature="validatePageTitle()[pri:0, instance:Suit1.DateValidationTestCase@305fd85d]" name="validatePageTitle" duration-ms="77" started-at="2020-05-27T07:05:04Z" finished-at="2020-05-27T07:05:04Z">
          <reporter-output>
          </reporter-output>
        </test-method> <!-- validatePageTitle -->
        <test-method status="PASS" signature="closeBrowser()[pri:0, instance:Suit1.DateValidationTestCase@305fd85d]" name="closeBrowser" is-config="true" duration-ms="799" started-at="2020-05-27T07:05:04Z" finished-at="2020-05-27T07:05:05Z">
          <reporter-output>
          </reporter-output>
        </test-method> <!-- closeBrowser -->
      </class> <!-- Suit1.DateValidationTestCase -->
    </test> <!-- PropineTest -->
  </suite> <!-- Suite -->
</testng-results>
